2016-09-26 10:34:31 [main] INFO   - Application start.
2016-09-26 10:34:31 [main] INFO   - CircleAction object created.
2016-09-26 10:34:31 [main] ERROR  - CircleLogicException in Main class, method main().
com.epam.first.exception.CircleLogicException: incorrect radius in Circle object
	at com.epam.first.action.CircleAction.calculateSquare(CircleAction.java:33) ~[classes/:?]
	at com.epam.first.run.Main.main(Main.java:21) [classes/:?]
	at sun.reflect.NativeMethodAccessorImpl.invoke0(Native Method) ~[?:1.8.0_92]
	at sun.reflect.NativeMethodAccessorImpl.invoke(NativeMethodAccessorImpl.java:62) ~[?:1.8.0_92]
	at sun.reflect.DelegatingMethodAccessorImpl.invoke(DelegatingMethodAccessorImpl.java:43) ~[?:1.8.0_92]
	at java.lang.reflect.Method.invoke(Method.java:498) ~[?:1.8.0_92]
	at com.intellij.rt.execution.application.AppMain.main(AppMain.java:147) [idea_rt.jar:?]
2016-09-26 10:34:31 [main] INFO   - Application finished.
2016-09-26 10:35:42 [main] INFO   - Application start.
2016-09-26 10:35:42 [main] INFO   - CircleAction object created.
2016-09-26 10:35:42 [main] ERROR  - CircleLogicException in Main class, method main().
2016-09-26 10:35:42 [main] INFO   - Application finished.
2016-09-26 10:36:18 [main] INFO   - Application start.
2016-09-26 10:36:19 [main] INFO   - CircleAction object created.
2016-09-26 10:36:19 [main] ERROR  - CircleLogicException in Main class, method main().
2016-09-26 10:36:19 [main] INFO   - Application finished.
